\BOOKMARK [1][-]{section*.2}{\376\377\000I\000.\000\040\000I\000n\000t\000r\000o\000d\000u\000c\000t\000i\000o\000n}{}% 1
\BOOKMARK [2][-]{subsection*.3}{\376\377\000B\000a\000c\000k\000g\000r\000o\000u\000n\000d}{section*.2}% 2
\BOOKMARK [2][-]{subsection*.4}{\376\377\000A\000p\000p\000l\000i\000c\000a\000t\000i\000o\000n\000\040\000S\000c\000e\000n\000a\000r\000i\000o}{section*.2}% 3
\BOOKMARK [3][-]{subsubsection*.5}{\376\377\000R\000e\000q\000u\000i\000r\000e\000m\000e\000n\000t\000s}{subsection*.4}% 4
\BOOKMARK [3][-]{subsubsection*.6}{\376\377\000S\000c\000e\000n\000a\000r\000i\000o\000\040\000A\000s\000s\000u\000m\000p\000t\000i\000o\000n}{subsection*.4}% 5
\BOOKMARK [1][-]{section*.9}{\376\377\000I\000I\000.\000\040\000P\000r\000o\000j\000e\000c\000t\000\040\000P\000r\000o\000c\000e\000s\000s}{}% 6
\BOOKMARK [2][-]{subsection*.10}{\376\377\000D\000e\000m\000a\000n\000d\000\040\000A\000n\000a\000l\000y\000s\000i\000s}{section*.9}% 7
\BOOKMARK [3][-]{subsubsection*.11}{\376\377\000S\000u\000p\000e\000r\000\040\000C\000a\000p\000a\000c\000i\000t\000o\000r\000\040\000M\000o\000d\000u\000l\000e}{subsection*.10}% 8
\BOOKMARK [3][-]{subsubsection*.13}{\376\377\000R\000e\000g\000u\000l\000a\000t\000o\000r}{subsection*.10}% 9
\BOOKMARK [3][-]{subsubsection*.19}{\376\377\000C\000o\000n\000t\000r\000o\000l\000l\000i\000n\000g\000\040\000P\000r\000o\000g\000r\000a\000m}{subsection*.10}% 10
\BOOKMARK [1][-]{section*.24}{\376\377\000I\000I\000I\000.\000\040\000O\000u\000t\000c\000o\000m\000e}{}% 11
\BOOKMARK [2][-]{subsection*.25}{\376\377\000H\000a\000r\000d\000w\000a\000r\000e\000\040\000A\000p\000p\000e\000a\000r\000a\000n\000c\000e}{section*.24}% 12
\BOOKMARK [2][-]{subsection*.27}{\376\377\000F\000u\000n\000c\000t\000i\000o\000n\000s}{section*.24}% 13
\BOOKMARK [3][-]{subsubsection*.28}{\376\377\000B\000i\000d\000i\000r\000e\000c\000t\000i\000o\000n\000a\000l\000\040\000P\000o\000w\000e\000r\000\040\000F\000l\000o\000w\000\040\000R\000e\000g\000u\000l\000a\000t\000i\000o\000n}{subsection*.27}% 14
\BOOKMARK [3][-]{subsubsection*.30}{\376\377\000M\000o\000d\000u\000l\000e\000\040\000P\000o\000w\000e\000r\000\040\000R\000e\000g\000u\000l\000a\000t\000i\000o\000n}{subsection*.27}% 15
\BOOKMARK [2][-]{subsection*.31}{\376\377\000C\000h\000a\000r\000a\000c\000t\000e\000r\000i\000s\000t\000i\000c\000s}{section*.24}% 16
\BOOKMARK [3][-]{subsubsection*.32}{\376\377\000E\000f\000f\000i\000c\000i\000e\000n\000c\000y\000\040\000o\000f\000\040\000R\000e\000g\000u\000l\000a\000t\000o\000r}{subsection*.31}% 17
\BOOKMARK [3][-]{subsubsection*.33}{\376\377\000R\000i\000p\000p\000l\000e}{subsection*.31}% 18
\BOOKMARK [2][-]{subsection*.35}{\376\377\000A\000d\000v\000a\000n\000c\000e\000d\000\040\000F\000e\000a\000t\000u\000r\000e\000s}{section*.24}% 19
\BOOKMARK [3][-]{subsubsection*.36}{\376\377\000C\000A\000N\000\040\000B\000u\000s\000\040\000C\000o\000m\000m\000u\000n\000i\000c\000a\000t\000i\000o\000n}{subsection*.35}% 20
\BOOKMARK [3][-]{subsubsection*.38}{\376\377\000U\000A\000R\000T\000\040\000M\000o\000n\000i\000t\000o\000r}{subsection*.35}% 21
\BOOKMARK [1][-]{section*.40}{\376\377\000I\000V\000.\000\040\000C\000o\000n\000c\000l\000u\000s\000i\000o\000n}{}% 22
\BOOKMARK [2][-]{subsection*.41}{\376\377\000H\000i\000g\000h\000l\000i\000g\000h\000t\000s}{section*.40}% 23
\BOOKMARK [2][-]{subsection*.42}{\376\377\000D\000e\000f\000i\000c\000i\000e\000n\000c\000y\000\040\000a\000n\000d\000\040\000O\000u\000t\000l\000o\000o\000k}{section*.40}% 24
\BOOKMARK [2][-]{subsection*.44}{\376\377\000P\000o\000t\000e\000n\000t\000i\000a\000l\000\040\000A\000p\000p\000l\000i\000c\000a\000t\000i\000o\000n\000s}{section*.40}% 25
\BOOKMARK [1][-]{section*.45}{\376\377\000V\000.\000\040\000E\000p\000i\000l\000o\000g\000u\000e}{}% 26
\BOOKMARK [2][-]{subsection*.46}{\376\377\000A\000c\000k\000n\000o\000w\000l\000e\000d\000g\000e\000m\000e\000n\000t\000s}{section*.45}% 27
\BOOKMARK [2][-]{subsection*.47}{\376\377\000F\000u\000n\000d\000i\000n\000g}{section*.45}% 28
\BOOKMARK [2][-]{subsection*.48}{\376\377\000A\000u\000t\000h\000o\000r\000'\000s\000\040\000C\000o\000n\000t\000r\000i\000b\000u\000t\000i\000o\000n\000s}{section*.45}% 29
